2020-07-20 09:26:50.220659 [INFO] [/home/builder/.termux-build/aria2/src/src/Context.cc:179] <<--- --- --- ---
2020-07-20 09:26:50.221035 [INFO] [/home/builder/.termux-build/aria2/src/src/Context.cc:180]   --- --- --- ---
2020-07-20 09:26:50.221044 [INFO] [/home/builder/.termux-build/aria2/src/src/Context.cc:181]   --- --- --- --->>
2020-07-20 09:26:50.221056 [INFO] [/home/builder/.termux-build/aria2/src/src/Context.cc:182] aria2 1.35.0
2020-07-20 09:26:50.221077 [INFO] [/home/builder/.termux-build/aria2/src/src/Context.cc:183] clang 8.0.7 (https://android.googlesource.com/toolchain/clang b55f2d4ebfd35bf643d27dbca1bb228957008617) (https://android.googlesource.com/toolchain/llvm 3c393fe7a7e13b0fba4ac75a01aa683d7a5b11cd)
  built by  x86_64-pc-linux-gnu
  targeting aarch64-unknown-linux-android
  on        Oct 13 2019 17:28:16
2020-07-20 09:26:50.221091 [INFO] [/home/builder/.termux-build/aria2/src/src/Context.cc:184] Linux 4.9.148 #1 SMP PREEMPT Fri May 22 19:13:52 CST 2020 aarch64
2020-07-20 09:26:50.221101 [INFO] [/home/builder/.termux-build/aria2/src/src/Context.cc:185] zlib/1.2.11 libxml2/2.9.9 OpenSSL/1.1.1d c-ares/1.14.0
2020-07-20 09:26:50.221108 [INFO] [/home/builder/.termux-build/aria2/src/src/Context.cc:186] Logging started.
2020-07-20 09:26:50.221119 [DEBUG] [/home/builder/.termux-build/aria2/src/src/Context.cc:216] Not setting rlimit NO_FILE: 32768 >= 1024
2020-07-20 09:26:50.221131 [INFO] [/home/builder/.termux-build/aria2/src/src/SocketCore.cc:1659] Checking configured addresses
2020-07-20 09:26:50.221693 [INFO] [/home/builder/.termux-build/aria2/src/src/SocketCore.cc:1710] Not considered: 127.0.0.1
2020-07-20 09:26:50.221709 [INFO] [/home/builder/.termux-build/aria2/src/src/SocketCore.cc:1707] Found configured address: 10.243.79.1
2020-07-20 09:26:50.221721 [INFO] [/home/builder/.termux-build/aria2/src/src/SocketCore.cc:1710] Not considered: ::1
2020-07-20 09:26:50.221836 [INFO] [/home/builder/.termux-build/aria2/src/src/SocketCore.cc:1710] Not considered: fe80::7c56:94ff:fe57:48a0%dummy0
2020-07-20 09:26:50.221849 [INFO] [/home/builder/.termux-build/aria2/src/src/SocketCore.cc:1707] Found configured address: 240e:e0:f109:f36a:44e:6c04:884a:6a05
2020-07-20 09:26:50.221876 [INFO] [/home/builder/.termux-build/aria2/src/src/SocketCore.cc:1710] Not considered: fe80::5a02:3ff:fe04:506%rmnet0
2020-07-20 09:26:50.221886 [INFO] [/home/builder/.termux-build/aria2/src/src/SocketCore.cc:1715] IPv4 configured=1, IPv6 configured=1
2020-07-20 09:26:50.274299 [WARN] [/home/builder/.termux-build/aria2/src/src/DownloadEngineFactory.cc:201] Neither --rpc-secret nor a combination of --rpc-user and --rpc-passwd is set. This is insecure. It is extremely recommended to specify --rpc-secret with the adequate secrecy or now deprecated --rpc-user and --rpc-passwd.
2020-07-20 09:26:50.275050 [INFO] [/home/builder/.termux-build/aria2/src/src/HttpListenCommand.cc:106] CUID#8 - Using port 6800 for accepting new connections
2020-07-20 09:26:50.275133 [NOTICE] [/home/builder/.termux-build/aria2/src/src/HttpListenCommand.cc:108] IPv4 RPC: listening on TCP port 6800
2020-07-20 09:26:50.275358 [INFO] [/home/builder/.termux-build/aria2/src/src/HttpListenCommand.cc:106] CUID#9 - Using port 6800 for accepting new connections
2020-07-20 09:26:50.275395 [NOTICE] [/home/builder/.termux-build/aria2/src/src/HttpListenCommand.cc:108] IPv6 RPC: listening on TCP port 6800
2020-07-20 09:26:52.817646 [NOTICE] [/home/builder/.termux-build/aria2/src/src/DownloadEngine.cc:256] Shutdown sequence commencing... Press Ctrl-C again for emergency shutdown.
2020-07-20 09:26:52.822444 [NOTICE] [/home/builder/.termux-build/aria2/src/src/MultiUrlRequestInfo.cc:342] Serialized session to 'aria2.session' successfully.
